<?xml version="1.0" encoding="UTF-8"?>
<testng-results skipped="0" failed="0" ignored="0" total="1" passed="1">
  <reporter-output>
  </reporter-output>
  <suite name="Default suite" duration-ms="63668" started-at="2022-03-28T15:09:32 IST" finished-at="2022-03-28T15:10:36 IST">
    <groups>
    </groups>
    <test name="Default test" duration-ms="63668" started-at="2022-03-28T15:09:32 IST" finished-at="2022-03-28T15:10:36 IST">
      <class name="com.Punit_Automation_Scripts.Create_Organization">
        <test-method status="PASS" signature="create_organization()[pri:0, instance:com.Punit_Automation_Scripts.Create_Organization@6f195bc3]" name="create_organization" duration-ms="63586" started-at="2022-03-28T15:09:32 IST" finished-at="2022-03-28T15:10:36 IST">
          <reporter-output>
          </reporter-output>
        </test-method> <!-- create_organization -->
      </class> <!-- com.Punit_Automation_Scripts.Create_Organization -->
    </test> <!-- Default test -->
  </suite> <!-- Default suite -->
</testng-results>
